<?xml version="1.0" encoding="UTF-8"?>
<!-- Generated by org.testng.reporters.JUnitXMLReporter -->
<testsuite ignored="0" hostname="DESKTOP-8K5HEL4" failures="0" tests="6" name="Default test" time="0.064" errors="0" timestamp="2026-05-10T15:24:40 EEST">
  <testcase classname="PrimeNumberChecker.PrimeNumberCheckerTest" name="testIsPrime" time="0.01"/>
  <testcase classname="PrimeNumberChecker.PrimeNumberCheckerTest" name="testIsPrime" time="0.001"/>
  <testcase classname="PrimeNumberChecker.PrimeNumberCheckerTest" name="testIsPrime" time="0.001"/>
  <testcase classname="PrimeNumberChecker.PrimeNumberCheckerTest" name="testIsPrime" time="0.002"/>
  <testcase classname="PrimeNumberChecker.PrimeNumberCheckerTest" name="testIsPrime" time="0.003"/>
  <testcase classname="PrimeNumberChecker.PrimeNumberCheckerTest" name="testIsPrime" time="0.002"/>
</testsuite> <!-- Default test -->
