<?xml version="1.0" encoding="UTF-8"?>
<testng-results ignored="0" total="6" passed="6" failed="0" skipped="0">
  <reporter-output>
  </reporter-output>
  <suite started-at="2026-05-10T15:20:20 EEST" name="Default suite" finished-at="2026-05-10T15:20:20 EEST" duration-ms="59">
    <groups>
    </groups>
    <test started-at="2026-05-10T15:20:20 EEST" name="Default test" finished-at="2026-05-10T15:20:20 EEST" duration-ms="59">
      <class name="PrimeNumberChecker.PrimeNumberCheckerTest">
        <test-method signature="testIsPrime(java.lang.String,int,boolean)[pri:0, instance:PrimeNumberChecker.PrimeNumberCheckerTest@223191a6]" started-at="2026-05-10T15:20:20 EEST" name="testIsPrime" data-provider="CSVDataProvider" finished-at="2026-05-10T15:20:20 EEST" duration-ms="11" status="PASS">
          <params>
            <param index="0">
              <value>
                <![CDATA[2 is prime]]>
              </value>
            </param>
            <param index="1">
              <value>
                <![CDATA[2]]>
              </value>
            </param>
            <param index="2">
              <value>
                <![CDATA[true]]>
              </value>
            </param>
          </params>
          <reporter-output>
          </reporter-output>
        </test-method> <!-- testIsPrime -->
        <test-method signature="testIsPrime(java.lang.String,int,boolean)[pri:0, instance:PrimeNumberChecker.PrimeNumberCheckerTest@223191a6]" started-at="2026-05-10T15:20:20 EEST" name="testIsPrime" data-provider="CSVDataProvider" finished-at="2026-05-10T15:20:20 EEST" duration-ms="2" status="PASS">
          <params>
            <param index="0">
              <value>
                <![CDATA[3 is prime]]>
              </value>
            </param>
            <param index="1">
              <value>
                <![CDATA[3]]>
              </value>
            </param>
            <param index="2">
              <value>
                <![CDATA[true]]>
              </value>
            </param>
          </params>
          <reporter-output>
          </reporter-output>
        </test-method> <!-- testIsPrime -->
        <test-method signature="testIsPrime(java.lang.String,int,boolean)[pri:0, instance:PrimeNumberChecker.PrimeNumberCheckerTest@223191a6]" started-at="2026-05-10T15:20:20 EEST" name="testIsPrime" data-provider="CSVDataProvider" finished-at="2026-05-10T15:20:20 EEST" duration-ms="1" status="PASS">
          <params>
            <param index="0">
              <value>
                <![CDATA[4 is not prime]]>
              </value>
            </param>
            <param index="1">
              <value>
                <![CDATA[4]]>
              </value>
            </param>
            <param index="2">
              <value>
                <![CDATA[false]]>
              </value>
            </param>
          </params>
          <reporter-output>
          </reporter-output>
        </test-method> <!-- testIsPrime -->
        <test-method signature="testIsPrime(java.lang.String,int,boolean)[pri:0, instance:PrimeNumberChecker.PrimeNumberCheckerTest@223191a6]" started-at="2026-05-10T15:20:20 EEST" name="testIsPrime" data-provider="CSVDataProvider" finished-at="2026-05-10T15:20:20 EEST" duration-ms="1" status="PASS">
          <params>
            <param index="0">
              <value>
                <![CDATA[9 is not prime]]>
              </value>
            </param>
            <param index="1">
              <value>
                <![CDATA[9]]>
              </value>
            </param>
            <param index="2">
              <value>
                <![CDATA[false]]>
              </value>
            </param>
          </params>
          <reporter-output>
          </reporter-output>
        </test-method> <!-- testIsPrime -->
        <test-method signature="testIsPrime(java.lang.String,int,boolean)[pri:0, instance:PrimeNumberChecker.PrimeNumberCheckerTest@223191a6]" started-at="2026-05-10T15:20:20 EEST" name="testIsPrime" data-provider="CSVDataProvider" finished-at="2026-05-10T15:20:20 EEST" duration-ms="1" status="PASS">
          <params>
            <param index="0">
              <value>
                <![CDATA[10 is prime]]>
              </value>
            </param>
            <param index="1">
              <value>
                <![CDATA[10]]>
              </value>
            </param>
            <param index="2">
              <value>
                <![CDATA[false]]>
              </value>
            </param>
          </params>
          <reporter-output>
          </reporter-output>
        </test-method> <!-- testIsPrime -->
        <test-method signature="testIsPrime(java.lang.String,int,boolean)[pri:0, instance:PrimeNumberChecker.PrimeNumberCheckerTest@223191a6]" started-at="2026-05-10T15:20:20 EEST" name="testIsPrime" data-provider="CSVDataProvider" finished-at="2026-05-10T15:20:20 EEST" duration-ms="2" status="PASS">
          <params>
            <param index="0">
              <value>
                <![CDATA[17 is prime]]>
              </value>
            </param>
            <param index="1">
              <value>
                <![CDATA[17]]>
              </value>
            </param>
            <param index="2">
              <value>
                <![CDATA[true]]>
              </value>
            </param>
          </params>
          <reporter-output>
          </reporter-output>
        </test-method> <!-- testIsPrime -->
      </class> <!-- PrimeNumberChecker.PrimeNumberCheckerTest -->
    </test> <!-- Default test -->
  </suite> <!-- Default suite -->
</testng-results>
