<?xml version="1.0" encoding="UTF-8"?>
<!-- Generated by org.testng.reporters.JUnitReportReporter -->
<testsuite hostname="DESKTOP-8K5HEL4" failures="0" tests="6" name="PrimeNumberChecker.PrimeNumberCheckerTest" time="0.019" errors="0" timestamp="2026-05-10T15:24:40 EEST" skipped="0">
  <testcase classname="PrimeNumberChecker.PrimeNumberCheckerTest" name="testIsPrime" time="0.002"/>
  <testcase classname="PrimeNumberChecker.PrimeNumberCheckerTest" name="testIsPrime" time="0.001"/>
  <testcase classname="PrimeNumberChecker.PrimeNumberCheckerTest" name="testIsPrime" time="0.001"/>
  <testcase classname="PrimeNumberChecker.PrimeNumberCheckerTest" name="testIsPrime" time="0.002"/>
  <testcase classname="PrimeNumberChecker.PrimeNumberCheckerTest" name="testIsPrime" time="0.010"/>
  <testcase classname="PrimeNumberChecker.PrimeNumberCheckerTest" name="testIsPrime" time="0.003"/>
</testsuite> <!-- PrimeNumberChecker.PrimeNumberCheckerTest -->
